#
# A fatal error has been detected by the Java Runtime Environment:
#
#  EXCEPTION_ACCESS_VIOLATION (0xc0000005) at pc=0x00000000777c8747, pid=14944, tid=0x00000000000026f4
#
# JRE version: Java(TM) SE Runtime Environment (8.0_131-b11) (build 1.8.0_131-b11)
# Java VM: Java HotSpot(TM) 64-Bit Server VM (25.131-b11 mixed mode windows-amd64 compressed oops)
# Problematic frame:
# V  [jvm.dll+0x68747]
#
# Failed to write core dump. Minidumps are not enabled by default on client versions of Windows
#
# If you would like to submit a bug report, please visit:
#   http://bugreport.java.com/bugreport/crash.jsp
#

---------------  T H R E A D  ---------------

Current thread (0x000000000202f000):  JavaThread "main" [_thread_in_vm, id=9972, stack(0x00000000021a0000,0x00000000022a0000)]

siginfo: ExceptionCode=0xc0000005, reading address 0xffffffffffffffff

Registers:
RAX=0x0000000000000048, RBX=0x0000000058c370f0, RCX=0x48005c81713d8b48, RDX=0x0000000000000000
RSP=0x000000000229e418, RBP=0x000007feeb9dd8a0, RSI=0x0000000057510198, RDI=0x00000000020b0e80
R8 =0x0000000000000015, R9 =0x000007fee992c9f0, R10=0x00000000020b0e80, R11=0x00000000aad3b1ff
R12=0x000007feeb9dd870, R13=0x0000000000000000, R14=0x000000000229e828, R15=0x000000000229e7f8
RIP=0x00000000777c8747, EFLAGS=0x0000000000010202

Top of Stack: (sp=0x000000000229e418)
0x000000000229e418:   00000000778bea8a 0000000058c370f0
0x000000000229e428:   0000000057510198 000000000202f000
0x000000000229e438:   000000000000002f 000007feeb9ddc50
0x000000000229e448:   000000000229e498 00000000aad3b1ff
0x000000000229e458:   00000000777cea19 0000000000000000
0x000000000229e468:   0000000000000000 000007feeb9dd870
0x000000000229e478:   00000000778becd7 000000000202f000
0x000000000229e488:   00000000002ff5ba 0000000057510198
0x000000000229e498:   000007feeb9dd8a0 000000000202f000
0x000000000229e4a8:   0000000000000000 000000000202f000
0x000000000229e4b8:   0000000000000000 0000000000000000
0x000000000229e4c8:   0000000000000000 0000000057510190
0x000000000229e4d8:   000007feeb9b6912 000000000202f1f8
0x000000000229e4e8:   000000000229e5e0 000000000202f000
0x000000000229e4f8:   00000000025d1620 0000000000000000
0x000000000229e508:   00000000025d1717 00000000025d1a20 

Instructions: (pc=0x00000000777c8747)
0x00000000777c8727:   48 8b 04 08 c3 cc cc cc cc 48 63 05 49 ac 78 00
0x00000000777c8737:   48 89 14 08 c3 cc cc cc cc 48 63 05 39 ac 78 00
0x00000000777c8747:   48 83 3c 08 00 0f 94 c0 c3 48 63 05 25 ac 78 00
0x00000000777c8757:   48 8b 14 08 48 85 d2 74 0a 8b 42 08 c1 f8 08 0f 


Register to memory mapping:

RAX=0x0000000000000048 is an unknown value
RBX=0x0000000058c370f0 is an unknown value
RCX=0x48005c81713d8b48 is an unknown value
RDX=0x0000000000000000 is an unknown value
RSP=0x000000000229e418 is pointing into the stack for thread: 0x000000000202f000
RBP=0x000007feeb9dd8a0 is an unknown value
RSI=0x0000000057510198 is an unknown value
RDI=0x00000000020b0e80 is an unknown value
R8 =0x0000000000000015 is an unknown value
R9 =0x000007fee992c9f0 is an unknown value
R10=0x00000000020b0e80 is an unknown value
R11=0x00000000aad3b1ff is an unallocated location in the heap
R12=0x000007feeb9dd870 is an unknown value
R13=0x0000000000000000 is an unknown value
R14=0x000000000229e828 is pointing into the stack for thread: 0x000000000202f000
R15=0x000000000229e7f8 is pointing into the stack for thread: 0x000000000202f000


Stack: [0x00000000021a0000,0x00000000022a0000],  sp=0x000000000229e418,  free space=1017k
Native frames: (J=compiled Java code, j=interpreted, Vv=VM code, C=native code)
V  [jvm.dll+0x68747]

Java frames: (J=compiled Java code, j=interpreted, Vv=VM code)
j  com.microsoft.sqlserver.jdbc.AuthenticationJNI.SNISecGenClientContext([B[I[BI[B[I[ZLjava/lang/String;Ljava/lang/String;Ljava/lang/String;Ljava/util/logging/Logger;)I+0
j  com.microsoft.sqlserver.jdbc.AuthenticationJNI.GenerateClientContext([BI[B[I[Z)I+24
j  com.microsoft.sqlserver.jdbc.SQLServerConnection.SSPIData([B[B[I[ZLcom/microsoft/sqlserver/jdbc/AuthenticationJNI;)V+13
j  com.microsoft.sqlserver.jdbc.SQLServerConnection.sendLogon(Lcom/microsoft/sqlserver/jdbc/SQLServerConnection$LogonCommand;Lcom/microsoft/sqlserver/jdbc/AuthenticationJNI;)V+155
j  com.microsoft.sqlserver.jdbc.SQLServerConnection.logon(Lcom/microsoft/sqlserver/jdbc/SQLServerConnection$LogonCommand;)V+20
j  com.microsoft.sqlserver.jdbc.SQLServerConnection.access$000(Lcom/microsoft/sqlserver/jdbc/SQLServerConnection;Lcom/microsoft/sqlserver/jdbc/SQLServerConnection$LogonCommand;)V+2
j  com.microsoft.sqlserver.jdbc.SQLServerConnection$LogonCommand.doExecute()Z+5
j  com.microsoft.sqlserver.jdbc.TDSCommand.execute(Lcom/microsoft/sqlserver/jdbc/TDSWriter;Lcom/microsoft/sqlserver/jdbc/TDSReader;)Z+30
j  com.microsoft.sqlserver.jdbc.SQLServerConnection.executeCommand(Lcom/microsoft/sqlserver/jdbc/TDSCommand;)Z+45
j  com.microsoft.sqlserver.jdbc.SQLServerConnection.connectHelper(Lcom/microsoft/sqlserver/jdbc/ServerPortPlaceHolder;II)V+284
j  com.microsoft.sqlserver.jdbc.SQLServerConnection.login(Ljava/lang/String;Ljava/lang/String;ILjava/lang/String;Lcom/microsoft/sqlserver/jdbc/FailoverInfo;IJ)V+399
j  com.microsoft.sqlserver.jdbc.SQLServerConnection.connect(Ljava/util/Properties;Lcom/microsoft/sqlserver/jdbc/SQLServerPooledConnection;)Ljava/sql/Connection;+1929
j  com.microsoft.sqlserver.jdbc.SQLServerDriver.connect(Ljava/lang/String;Ljava/util/Properties;)Ljava/sql/Connection;+45
j  java.sql.DriverManager.getConnection(Ljava/lang/String;Ljava/util/Properties;Ljava/lang/Class;)Ljava/sql/Connection;+171
j  java.sql.DriverManager.getConnection(Ljava/lang/String;)Ljava/sql/Connection;+13
j  com.AutomationPractice.DbServices.abc()Ljava/lang/String;+8
j  com.AutomationPractice.DbServices.main([Ljava/lang/String;)V+3
v  ~StubRoutines::call_stub

---------------  P R O C E S S  ---------------

Java Threads: ( => current thread )
  0x00000000589ac000 JavaThread "Service Thread" daemon [_thread_blocked, id=12264, stack(0x0000000059370000,0x0000000059470000)]
  0x000000005757a800 JavaThread "C1 CompilerThread2" daemon [_thread_blocked, id=14352, stack(0x0000000059140000,0x0000000059240000)]
  0x0000000057579800 JavaThread "C2 CompilerThread1" daemon [_thread_blocked, id=12548, stack(0x00000000585d0000,0x00000000586d0000)]
  0x0000000058939000 JavaThread "C2 CompilerThread0" daemon [_thread_blocked, id=15148, stack(0x0000000058f90000,0x0000000059090000)]
  0x0000000058936800 JavaThread "Attach Listener" daemon [_thread_blocked, id=5800, stack(0x0000000058d60000,0x0000000058e60000)]
  0x0000000057575800 JavaThread "Signal Dispatcher" daemon [_thread_blocked, id=13164, stack(0x0000000058e60000,0x0000000058f60000)]
  0x0000000057558000 JavaThread "Finalizer" daemon [_thread_blocked, id=9308, stack(0x0000000058830000,0x0000000058930000)]
  0x0000000057517000 JavaThread "Reference Handler" daemon [_thread_blocked, id=6456, stack(0x0000000058700000,0x0000000058800000)]
=>0x000000000202f000 JavaThread "main" [_thread_in_vm, id=9972, stack(0x00000000021a0000,0x00000000022a0000)]

Other Threads:
  0x000000005750f800 VMThread [stack: 0x00000000584d0000,0x00000000585d0000] [id=4272]
  0x00000000589ce000 WatcherThread [stack: 0x0000000059520000,0x0000000059620000] [id=8276]

VM state:not at safepoint (normal execution)

VM Mutex/Monitor currently owned by a thread: None

Heap:
 PSYoungGen      total 38400K, used 16169K [0x00000000d5580000, 0x00000000d8000000, 0x0000000100000000)
  eden space 33280K, 48% used [0x00000000d5580000,0x00000000d654a460,0x00000000d7600000)
  from space 5120K, 0% used [0x00000000d7b00000,0x00000000d7b00000,0x00000000d8000000)
  to   space 5120K, 0% used [0x00000000d7600000,0x00000000d7600000,0x00000000d7b00000)
 ParOldGen       total 87552K, used 0K [0x0000000080000000, 0x0000000085580000, 0x00000000d5580000)
  object space 87552K, 0% used [0x0000000080000000,0x0000000080000000,0x0000000085580000)
 Metaspace       used 8559K, capacity 8844K, committed 9088K, reserved 1056768K
  class space    used 932K, capacity 1026K, committed 1152K, reserved 1048576K

Card table byte_map: [0x0000000011930000,0x0000000011d40000] byte_map_base: 0x0000000011530000

Marking Bits: (ParMarkBitMap*) 0x0000000077f7c720
 Begin Bits: [0x0000000012780000, 0x0000000014780000)
 End Bits:   [0x0000000014780000, 0x0000000016780000)

Polling page: 0x0000000000140000

CodeCache: size=245760Kb used=2971Kb max_used=2971Kb free=242788Kb
 bounds [0x0000000002570000, 0x0000000002860000, 0x0000000011570000]
 total_blobs=1157 nmethods=809 adapters=261
 compilation: enabled

Compilation events (10 events):
Event: 0.596 Thread 0x000000005757a800  805       1       java.security.CodeSource::getLocation (5 bytes)
Event: 0.596 Thread 0x000000005757a800 nmethod 805 0x000000000284b150 code [0x000000000284b2a0, 0x000000000284b3b0]
Event: 0.596 Thread 0x000000005757a800  806       1       sun.misc.URLClassPath$Loader::getBaseURL (5 bytes)
Event: 0.596 Thread 0x000000005757a800 nmethod 806 0x000000000284cb90 code [0x000000000284cce0, 0x000000000284cdf0]
Event: 0.605 Thread 0x000000005757a800  808       3       com.sun.crypto.provider.AESCrypt::mul4 (181 bytes)
Event: 0.606 Thread 0x000000005757a800 nmethod 808 0x0000000002856350 code [0x0000000002856560, 0x0000000002856f50]
Event: 0.613 Thread 0x000000005757a800  809       3       sun.security.jca.ProviderList::getProvider (22 bytes)
Event: 0.613 Thread 0x000000005757a800 nmethod 809 0x00000000028577d0 code [0x0000000002857940, 0x0000000002857bc8]
Event: 0.613 Thread 0x000000005757a800  810       1       java.lang.Boolean::booleanValue (5 bytes)
Event: 0.613 Thread 0x000000005757a800 nmethod 810 0x000000000284c8d0 code [0x000000000284ca20, 0x000000000284cb30]

GC Heap History (0 events):
No events

Deoptimization events (6 events):
Event: 0.358 Thread 0x000000000202f000 Uncommon trap: reason=unstable_if action=reinterpret pc=0x000000000272ae1c method=java.lang.CharacterDataLatin1.digit(II)I @ 82
Event: 0.434 Thread 0x000000000202f000 Uncommon trap: reason=bimorphic action=maybe_recompile pc=0x0000000002735140 method=java.util.regex.Pattern$BmpCharProperty.match(Ljava/util/regex/Matcher;ILjava/lang/CharSequence;)Z @ 31
Event: 0.434 Thread 0x000000000202f000 Uncommon trap: reason=bimorphic action=maybe_recompile pc=0x0000000002735140 method=java.util.regex.Pattern$BmpCharProperty.match(Ljava/util/regex/Matcher;ILjava/lang/CharSequence;)Z @ 31
Event: 0.434 Thread 0x000000000202f000 Uncommon trap: reason=bimorphic action=maybe_recompile pc=0x0000000002735140 method=java.util.regex.Pattern$BmpCharProperty.match(Ljava/util/regex/Matcher;ILjava/lang/CharSequence;)Z @ 31
Event: 0.434 Thread 0x000000000202f000 Uncommon trap: reason=bimorphic action=maybe_recompile pc=0x0000000002735140 method=java.util.regex.Pattern$BmpCharProperty.match(Ljava/util/regex/Matcher;ILjava/lang/CharSequence;)Z @ 31
Event: 0.499 Thread 0x000000000202f000 Uncommon trap: reason=unstable_if action=reinterpret pc=0x0000000002723184 method=java.lang.CharacterDataLatin1.digit(II)I @ 82

Internal exceptions (8 events):
Event: 0.032 Thread 0x000000000202f000 Exception <a 'java/lang/NoSuchMethodError': Method sun.misc.Unsafe.defineClass(Ljava/lang/String;[BII)Ljava/lang/Class; name or signature does not match> (0x00000000d5587ca8) thrown at [C:\re\workspace\8-2-build-windows-amd64-cygwin\jdk8u131\8869\hotspot\
Event: 0.032 Thread 0x000000000202f000 Exception <a 'java/lang/NoSuchMethodError': Method sun.misc.Unsafe.prefetchRead(Ljava/lang/Object;J)V name or signature does not match> (0x00000000d5587f90) thrown at [C:\re\workspace\8-2-build-windows-amd64-cygwin\jdk8u131\8869\hotspot\src\share\vm\prims
Event: 0.172 Thread 0x000000000202f000 Exception <a 'java/security/PrivilegedActionException'> (0x00000000d5836038) thrown at [C:\re\workspace\8-2-build-windows-amd64-cygwin\jdk8u131\8869\hotspot\src\share\vm\prims\jvm.cpp, line 1390]
Event: 0.172 Thread 0x000000000202f000 Exception <a 'java/security/PrivilegedActionException'> (0x00000000d5836248) thrown at [C:\re\workspace\8-2-build-windows-amd64-cygwin\jdk8u131\8869\hotspot\src\share\vm\prims\jvm.cpp, line 1390]
Event: 0.172 Thread 0x000000000202f000 Exception <a 'java/security/PrivilegedActionException'> (0x00000000d583a158) thrown at [C:\re\workspace\8-2-build-windows-amd64-cygwin\jdk8u131\8869\hotspot\src\share\vm\prims\jvm.cpp, line 1390]
Event: 0.172 Thread 0x000000000202f000 Exception <a 'java/security/PrivilegedActionException'> (0x00000000d583a368) thrown at [C:\re\workspace\8-2-build-windows-amd64-cygwin\jdk8u131\8869\hotspot\src\share\vm\prims\jvm.cpp, line 1390]
Event: 0.411 Thread 0x000000000202f000 Exception <a 'java/lang/NoSuchFieldError': method resolution failed> (0x00000000d5d46388) thrown at [C:\re\workspace\8-2-build-windows-amd64-cygwin\jdk8u131\8869\hotspot\src\share\vm\prims\methodHandles.cpp, line 1146]
Event: 0.413 Thread 0x000000000202f000 Exception <a 'java/lang/NoSuchFieldError': method resolution failed> (0x00000000d5d53af8) thrown at [C:\re\workspace\8-2-build-windows-amd64-cygwin\jdk8u131\8869\hotspot\src\share\vm\prims\methodHandles.cpp, line 1146]

Events (10 events):
Event: 0.610 loading class javax/crypto/MacSpi
Event: 0.610 loading class javax/crypto/MacSpi done
Event: 0.613 loading class sun/security/ssl/CipherBox$1
Event: 0.613 loading class sun/security/ssl/CipherBox$1 done
Event: 0.613 loading class java/lang/StrictMath
Event: 0.614 loading class java/lang/StrictMath done
Event: 0.615 loading class com/microsoft/sqlserver/jdbc/AuthenticationJNI
Event: 0.615 loading class com/microsoft/sqlserver/jdbc/AuthenticationJNI done
Event: 0.615 loading class java/lang/ClassLoaderHelper
Event: 0.615 loading class java/lang/ClassLoaderHelper done


Dynamic libraries:
0x000000013f2f0000 - 0x000000013f327000 	C:\Program Files\Java\jdk1.8.0_131\bin\javaw.exe
0x00000000770e0000 - 0x000000007728a000 	C:\Windows\SYSTEM32\ntdll.dll
0x0000000076ec0000 - 0x0000000076fdf000 	C:\Windows\system32\kernel32.dll
0x000007fefd0d0000 - 0x000007fefd13a000 	C:\Windows\system32\KERNELBASE.dll
0x000007fefdcd0000 - 0x000007fefddab000 	C:\Windows\system32\ADVAPI32.dll
0x000007fefe430000 - 0x000007fefe4cf000 	C:\Windows\system32\msvcrt.dll
0x000007fefdcb0000 - 0x000007fefdccf000 	C:\Windows\SYSTEM32\sechost.dll
0x000007fefd920000 - 0x000007fefda4d000 	C:\Windows\system32\RPCRT4.dll
0x0000000076fe0000 - 0x00000000770da000 	C:\Windows\system32\USER32.dll
0x000007fefd1f0000 - 0x000007fefd257000 	C:\Windows\system32\GDI32.dll
0x000007fefd370000 - 0x000007fefd37e000 	C:\Windows\system32\LPK.dll
0x000007fefe180000 - 0x000007fefe24b000 	C:\Windows\system32\USP10.dll
0x000007fefb6f0000 - 0x000007fefb8e4000 	C:\Windows\WinSxS\amd64_microsoft.windows.common-controls_6595b64144ccf1df_6.0.7601.18837_none_fa3b1e3d17594757\COMCTL32.dll
0x000007fefd8a0000 - 0x000007fefd911000 	C:\Windows\system32\SHLWAPI.dll
0x000007fefdc00000 - 0x000007fefdc2e000 	C:\Windows\system32\IMM32.DLL
0x000007fefd260000 - 0x000007fefd369000 	C:\Windows\system32\MSCTF.dll
0x000007fefcd10000 - 0x000007fefcd35000 	C:\Windows\system32\vmwsci.dll
0x00000000772b0000 - 0x00000000772b7000 	C:\Windows\system32\PSAPI.DLL
0x0000000074b10000 - 0x0000000074b49000 	C:\PROGRA~2\Sophos\SOPHOS~1\SOPHOS~2.DLL
0x0000000078c40000 - 0x0000000078d12000 	C:\Program Files\Java\jdk1.8.0_131\jre\bin\msvcr100.dll
0x0000000077760000 - 0x0000000077ffc000 	C:\Program Files\Java\jdk1.8.0_131\jre\bin\server\jvm.dll
0x000007fef77c0000 - 0x000007fef77c9000 	C:\Windows\system32\WSOCK32.dll
0x000007fefd850000 - 0x000007fefd89d000 	C:\Windows\system32\WS2_32.dll
0x000007feff300000 - 0x000007feff308000 	C:\Windows\system32\NSI.dll
0x000007fefa970000 - 0x000007fefa9ab000 	C:\Windows\system32\WINMM.dll
0x000007fefc000000 - 0x000007fefc00c000 	C:\Windows\system32\VERSION.dll
0x0000000065870000 - 0x000000006587f000 	C:\Program Files\Java\jdk1.8.0_131\jre\bin\verify.dll
0x000000005eed0000 - 0x000000005eef9000 	C:\Program Files\Java\jdk1.8.0_131\jre\bin\java.dll
0x0000000060250000 - 0x0000000060266000 	C:\Program Files\Java\jdk1.8.0_131\jre\bin\zip.dll
0x000007fefe570000 - 0x000007feff2fb000 	C:\Windows\system32\SHELL32.dll
0x000007fefd380000 - 0x000007fefd57c000 	C:\Windows\system32\ole32.dll
0x000007fefcde0000 - 0x000007fefcdef000 	C:\Windows\system32\profapi.dll
0x0000000065760000 - 0x000000006577a000 	C:\Program Files\Java\jdk1.8.0_131\jre\bin\net.dll
0x000007fefbbe0000 - 0x000007fefbc10000 	C:\ProgramData\Sophos\Web Intelligence\swi_ifslsp_64.dll
0x000007fefc530000 - 0x000007fefc585000 	C:\Windows\system32\mswsock.dll
0x000007fefc520000 - 0x000007fefc527000 	C:\Windows\System32\wship6.dll
0x000007fefbbc0000 - 0x000007fefbbc7000 	C:\Windows\System32\wshtcpip.dll
0x000007fefc460000 - 0x000007fefc4bb000 	C:\Windows\system32\DNSAPI.dll
0x000007fefb110000 - 0x000007fefb137000 	C:\Windows\system32\IPHLPAPI.DLL
0x000007fefbbd0000 - 0x000007fefbbdb000 	C:\Windows\system32\WINNSI.DLL
0x000007fef8420000 - 0x000007fef8428000 	C:\Windows\system32\rasadhlp.dll
0x000007fef90e0000 - 0x000007fef9133000 	C:\Windows\System32\fwpuclnt.dll
0x000000005e860000 - 0x000000005e884000 	C:\Program Files\Java\jdk1.8.0_131\jre\bin\sunec.dll
0x000007fef9740000 - 0x000007fef9751000 	C:\Windows\system32\dhcpcsvc6.DLL
0x000007fef9720000 - 0x000007fef9738000 	C:\Windows\system32\dhcpcsvc.DLL
0x0000000060230000 - 0x0000000060241000 	C:\Program Files\Java\jdk1.8.0_131\jre\bin\nio.dll
0x000007fefc590000 - 0x000007fefc5a8000 	C:\Windows\system32\CRYPTSP.dll
0x000007fefc290000 - 0x000007fefc2d7000 	C:\Windows\system32\rsaenh.dll
0x000007fefcdf0000 - 0x000007fefce0e000 	C:\Windows\system32\USERENV.dll
0x000007fefcc00000 - 0x000007fefcc0f000 	C:\Windows\system32\CRYPTBASE.dll
0x0000000066b30000 - 0x0000000066b3b000 	C:\Program Files\Java\jdk1.8.0_131\jre\bin\sunmscapi.dll
0x000007fefcf30000 - 0x000007fefd09d000 	C:\Windows\system32\CRYPT32.dll
0x000007fefcdd0000 - 0x000007fefcddf000 	C:\Windows\system32\MSASN1.dll
0x000007feeb9b0000 - 0x000007feeb9fe000 	C:\chromedriver\sqljdbc_auth.dll
0x000007fef7c70000 - 0x000007fef7c73000 	C:\Windows\system32\api-ms-win-core-synch-l1-2-0.DLL
0x000007fefc9a0000 - 0x000007fefc9ab000 	C:\Windows\system32\secur32.dll
0x000007fefcb70000 - 0x000007fefcb95000 	C:\Windows\system32\SSPICLI.DLL
0x000007fefbe20000 - 0x000007fefbe2a000 	C:\Windows\system32\credssp.dll
0x000007fefc5b0000 - 0x000007fefc668000 	C:\Windows\system32\kerberos.DLL
0x000007fefc810000 - 0x000007fefc824000 	C:\Windows\system32\cryptdll.dll
0x000007fefc4c0000 - 0x000007fefc512000 	C:\Windows\system32\msv1_0.DLL
0x000007fef9a10000 - 0x000007fef9a37000 	C:\Windows\system32\ntdsapi.dll
0x000007fefa590000 - 0x000007fefa5a5000 	C:\Windows\system32\NLAapi.dll
0x000007fef8460000 - 0x000007fef8475000 	C:\Windows\system32\napinsp.dll
0x000007fef8440000 - 0x000007fef8459000 	C:\Windows\system32\pnrpnsp.dll
0x000007fef82d0000 - 0x000007fef82db000 	C:\Windows\System32\winrnr.dll
0x000007fee8780000 - 0x000007fee88a5000 	C:\Windows\system32\dbghelp.dll

VM Arguments:
jvm_args: -Djava.library.path=C:\\chromedriver -Dfile.encoding=Cp1252 
java_command: com.AutomationPractice.DbServices
java_class_path (initial): C:\Users\amol.sharma\git\LearningOne\AutomationPractice\target\classes;C:\Users\amol.sharma\Desktop\sqljdbc42-4.2.jar;C:\Users\amol.sharma\.m2\repository\org\json\json\20171018\json-20171018.jar;C:\Users\amol.sharma\.m2\repository\info\cukes\gherkin\2.12.2\gherkin-2.12.2.jar;C:\Users\amol.sharma\.m2\repository\info\cukes\cucumber-jvm-deps\1.0.5\cucumber-jvm-deps-1.0.5.jar;C:\Users\amol.sharma\.m2\repository\log4j\log4j\1.2.17\log4j-1.2.17.jar;C:\Users\amol.sharma\.m2\repository\com\google\guava\guava\18.0\guava-18.0.jar;C:\Users\amol.sharma\.m2\repository\org\codehaus\groovy\groovy\2.4.4\groovy-2.4.4.jar;C:\Users\amol.sharma\.m2\repository\org\seleniumhq\selenium\selenium-java\2.53.0\selenium-java-2.53.0.jar;C:\Users\amol.sharma\.m2\repository\org\seleniumhq\selenium\selenium-chrome-driver\2.53.0\selenium-chrome-driver-2.53.0.jar;C:\Users\amol.sharma\.m2\repository\org\seleniumhq\selenium\selenium-remote-driver\2.53.0\selenium-remote-driver-2.53.0.jar;C:\Users\amol.sharma\.m2\repository\cglib\cglib-nodep\2.1_3\cglib-nodep-2.1_3.jar;C:\Users\amol.sharma\.m2\repository\com\google\code\gson\gson\2.3.1\gson-2.3.1.jar;C:\Users\amol.sharma\.m2\repository\org\seleniumhq\selenium\selenium-api\2.53.0\selenium-api-2.53.0.jar;C:\Users\amol.sharma\.m2\repository\org\apache\httpcomponents\httpclient\4.5.1\httpclient-4.5.1.jar;C:\Users\amol.sharma\.m2\repository\org\apache\httpcomponents\httpcore\4.4.3\httpcore-4.4.3.jar;C:\Users\amol.sharma\.m2\repository\commons-logging\commons-logging\1.2\commons-logging-1.2.jar;C:\Users\amol.sharma\.m2\repository\org\seleniumhq\selenium\selenium-edge-driver\2.53.0\selenium-edge-driver-2.53.0.jar;C:\Users\amol.sharma\.m2\repository\commons-io\commons-io\2.4\commons-io-2.4.jar;C:\Users\amol.sharma\.m2\repository\org\apache\commons\commons-exec\1.3\commons-exec-1.3.jar;C:\Users\amol.sharma\.m2\repository\org\seleniumhq\selenium\selenium-firefox-driver\2.53.0\selenium-firefox-driver-2.53.0.jar;C:\Users\amol.sharma\.m2
Launcher Type: SUN_STANDARD

Environment Variables:
JAVA_HOME=C:\Program Files\Java\jdk1.8.0_131
PATH=C:/Program Files/Java/jdk1.8.0_131/bin/../jre/bin/server;C:/Program Files/Java/jdk1.8.0_131/bin/../jre/bin;C:/Program Files/Java/jdk1.8.0_131/bin/../jre/lib/amd64;C:\Program Files\Java\jdk1.8.0_131\bin;D:\Softwares\apache-maven-3.5.0\bin;;C:\Windows\System32\WindowsPowerShell\v1.0\;C:\Windows\system32;
USERNAME=amol.sharma
OS=Windows_NT
PROCESSOR_IDENTIFIER=Intel64 Family 6 Model 63 Stepping 2, GenuineIntel



---------------  S Y S T E M  ---------------

OS: Windows 7 , 64 bit Build 7601 (6.1.7601.23807)

CPU:total 4 (initial active 4) (2 cores per cpu, 1 threads per core) family 6 model 63 stepping 2, cmov, cx8, fxsr, mmx, sse, sse2, sse3, ssse3, sse4.1, sse4.2, popcnt, avx, avx2, aes, clmul, erms, lzcnt, tsc, tscinvbit, bmi1, bmi2

Memory: 4k page, physical 8388152k(3259788k free), swap 16774444k(3409800k free)

vm_info: Java HotSpot(TM) 64-Bit Server VM (25.131-b11) for windows-amd64 JRE (1.8.0_131-b11), built on Mar 15 2017 01:23:53 by "java_re" with MS VC++ 10.0 (VS2010)

time: Mon Jan 15 09:37:39 2018
elapsed time: 0 seconds (0d 0h 0m 0s)

