#
# A fatal error has been detected by the Java Runtime Environment:
#
#  EXCEPTION_ACCESS_VIOLATION (0xc0000005) at pc=0x00000000777c8747, pid=11316, tid=0x00000000000031d0
#
# JRE version: Java(TM) SE Runtime Environment (8.0_131-b11) (build 1.8.0_131-b11)
# Java VM: Java HotSpot(TM) 64-Bit Server VM (25.131-b11 mixed mode windows-amd64 compressed oops)
# Problematic frame:
# V  [jvm.dll+0x68747]
#
# Failed to write core dump. Minidumps are not enabled by default on client versions of Windows
#
# If you would like to submit a bug report, please visit:
#   http://bugreport.java.com/bugreport/crash.jsp
#

---------------  T H R E A D  ---------------

Current thread (0x000000000211f000):  JavaThread "main" [_thread_in_vm, id=12752, stack(0x0000000002200000,0x0000000002300000)]

siginfo: ExceptionCode=0xc0000005, reading address 0xffffffffffffffff

Registers:
RAX=0x0000000000000048, RBX=0x0000000058c489b0, RCX=0x48005c81713d8b48, RDX=0x0000000000000000
RSP=0x00000000022fe508, RBP=0x000007feea3fd8a0, RSI=0x000000005748c6f8, RDI=0x0000000001ec0f10
R8 =0x0000000000000015, R9 =0x000007fee853c960, R10=0x0000000001ec0f10, R11=0x00000000aad3b1ff
R12=0x000007feea3fd870, R13=0x0000000000000000, R14=0x00000000022fe918, R15=0x00000000022fe8e8
RIP=0x00000000777c8747, EFLAGS=0x0000000000010202

Top of Stack: (sp=0x00000000022fe508)
0x00000000022fe508:   00000000778bea8a 0000000058c489b0
0x00000000022fe518:   000000005748c6f8 000000000211f000
0x00000000022fe528:   000000000000002f 000007feea3fdc50
0x00000000022fe538:   00000000022fe588 00000000aad3b1ff
0x00000000022fe548:   00000000777cea19 0000000000000000
0x00000000022fe558:   0000000000000000 000007feea3fd870
0x00000000022fe568:   00000000778becd7 000000000211f000
0x00000000022fe578:   00000000002ff5ba 000000005748c6f8
0x00000000022fe588:   000007feea3fd8a0 000000000211f000
0x00000000022fe598:   0000000000000000 000000000211f000
0x00000000022fe5a8:   0000000000000000 0000000000000000
0x00000000022fe5b8:   0000000000000000 000000005748c6f0
0x00000000022fe5c8:   000007feea3d6912 000000000211f1f8
0x00000000022fe5d8:   00000000022fe6d0 000000000211f000
0x00000000022fe5e8:   00000000026b1620 0000000000000000
0x00000000022fe5f8:   00000000026b1717 00000000026b1a20 

Instructions: (pc=0x00000000777c8747)
0x00000000777c8727:   48 8b 04 08 c3 cc cc cc cc 48 63 05 49 ac 78 00
0x00000000777c8737:   48 89 14 08 c3 cc cc cc cc 48 63 05 39 ac 78 00
0x00000000777c8747:   48 83 3c 08 00 0f 94 c0 c3 48 63 05 25 ac 78 00
0x00000000777c8757:   48 8b 14 08 48 85 d2 74 0a 8b 42 08 c1 f8 08 0f 


Register to memory mapping:

RAX=0x0000000000000048 is an unknown value
RBX=0x0000000058c489b0 is an unknown value
RCX=0x48005c81713d8b48 is an unknown value
RDX=0x0000000000000000 is an unknown value
RSP=0x00000000022fe508 is pointing into the stack for thread: 0x000000000211f000
RBP=0x000007feea3fd8a0 is an unknown value
RSI=0x000000005748c6f8 is an unknown value
RDI=0x0000000001ec0f10 is an unknown value
R8 =0x0000000000000015 is an unknown value
R9 =0x000007fee853c960 is an unknown value
R10=0x0000000001ec0f10 is an unknown value
R11=0x00000000aad3b1ff is an unallocated location in the heap
R12=0x000007feea3fd870 is an unknown value
R13=0x0000000000000000 is an unknown value
R14=0x00000000022fe918 is pointing into the stack for thread: 0x000000000211f000
R15=0x00000000022fe8e8 is pointing into the stack for thread: 0x000000000211f000


Stack: [0x0000000002200000,0x0000000002300000],  sp=0x00000000022fe508,  free space=1017k
Native frames: (J=compiled Java code, j=interpreted, Vv=VM code, C=native code)
V  [jvm.dll+0x68747]

Java frames: (J=compiled Java code, j=interpreted, Vv=VM code)
j  com.microsoft.sqlserver.jdbc.AuthenticationJNI.SNISecGenClientContext([B[I[BI[B[I[ZLjava/lang/String;Ljava/lang/String;Ljava/lang/String;Ljava/util/logging/Logger;)I+0
j  com.microsoft.sqlserver.jdbc.AuthenticationJNI.GenerateClientContext([BI[B[I[Z)I+24
j  com.microsoft.sqlserver.jdbc.SQLServerConnection.SSPIData([B[B[I[ZLcom/microsoft/sqlserver/jdbc/AuthenticationJNI;)V+13
j  com.microsoft.sqlserver.jdbc.SQLServerConnection.sendLogon(Lcom/microsoft/sqlserver/jdbc/SQLServerConnection$LogonCommand;Lcom/microsoft/sqlserver/jdbc/AuthenticationJNI;)V+155
j  com.microsoft.sqlserver.jdbc.SQLServerConnection.logon(Lcom/microsoft/sqlserver/jdbc/SQLServerConnection$LogonCommand;)V+20
j  com.microsoft.sqlserver.jdbc.SQLServerConnection.access$000(Lcom/microsoft/sqlserver/jdbc/SQLServerConnection;Lcom/microsoft/sqlserver/jdbc/SQLServerConnection$LogonCommand;)V+2
j  com.microsoft.sqlserver.jdbc.SQLServerConnection$LogonCommand.doExecute()Z+5
j  com.microsoft.sqlserver.jdbc.TDSCommand.execute(Lcom/microsoft/sqlserver/jdbc/TDSWriter;Lcom/microsoft/sqlserver/jdbc/TDSReader;)Z+30
j  com.microsoft.sqlserver.jdbc.SQLServerConnection.executeCommand(Lcom/microsoft/sqlserver/jdbc/TDSCommand;)Z+45
j  com.microsoft.sqlserver.jdbc.SQLServerConnection.connectHelper(Lcom/microsoft/sqlserver/jdbc/ServerPortPlaceHolder;II)V+284
j  com.microsoft.sqlserver.jdbc.SQLServerConnection.login(Ljava/lang/String;Ljava/lang/String;ILjava/lang/String;Lcom/microsoft/sqlserver/jdbc/FailoverInfo;IJ)V+399
j  com.microsoft.sqlserver.jdbc.SQLServerConnection.connect(Ljava/util/Properties;Lcom/microsoft/sqlserver/jdbc/SQLServerPooledConnection;)Ljava/sql/Connection;+1929
j  com.microsoft.sqlserver.jdbc.SQLServerDriver.connect(Ljava/lang/String;Ljava/util/Properties;)Ljava/sql/Connection;+45
j  java.sql.DriverManager.getConnection(Ljava/lang/String;Ljava/util/Properties;Ljava/lang/Class;)Ljava/sql/Connection;+171
j  java.sql.DriverManager.getConnection(Ljava/lang/String;)Ljava/sql/Connection;+13
j  com.AutomationPractice.DbServices.abc()Ljava/lang/String;+8
j  com.AutomationPractice.DbServices.main([Ljava/lang/String;)V+3
v  ~StubRoutines::call_stub

---------------  P R O C E S S  ---------------

Java Threads: ( => current thread )
  0x0000000058a15800 JavaThread "Service Thread" daemon [_thread_blocked, id=14276, stack(0x0000000059310000,0x0000000059410000)]
  0x0000000058996800 JavaThread "C1 CompilerThread2" daemon [_thread_blocked, id=7176, stack(0x00000000591b0000,0x00000000592b0000)]
  0x0000000058995000 JavaThread "C2 CompilerThread1" daemon [_thread_blocked, id=13972, stack(0x0000000059080000,0x0000000059180000)]
  0x00000000574f9000 JavaThread "C2 CompilerThread0" daemon [_thread_blocked, id=6764, stack(0x0000000058e60000,0x0000000058f60000)]
  0x00000000574f5000 JavaThread "Attach Listener" daemon [_thread_blocked, id=9880, stack(0x0000000058880000,0x0000000058980000)]
  0x00000000574ff000 JavaThread "Signal Dispatcher" daemon [_thread_blocked, id=10120, stack(0x00000000582f0000,0x00000000583f0000)]
  0x00000000574da800 JavaThread "Finalizer" daemon [_thread_blocked, id=17288, stack(0x0000000058760000,0x0000000058860000)]
  0x0000000057493800 JavaThread "Reference Handler" daemon [_thread_blocked, id=7816, stack(0x0000000058640000,0x0000000058740000)]
=>0x000000000211f000 JavaThread "main" [_thread_in_vm, id=12752, stack(0x0000000002200000,0x0000000002300000)]

Other Threads:
  0x000000005748c000 VMThread [stack: 0x0000000058400000,0x0000000058500000] [id=17892]
  0x0000000058a4b000 WatcherThread [stack: 0x0000000059500000,0x0000000059600000] [id=13016]

VM state:not at safepoint (normal execution)

VM Mutex/Monitor currently owned by a thread: None

Heap:
 PSYoungGen      total 38400K, used 16069K [0x00000000d5580000, 0x00000000d8000000, 0x0000000100000000)
  eden space 33280K, 48% used [0x00000000d5580000,0x00000000d6531440,0x00000000d7600000)
  from space 5120K, 0% used [0x00000000d7b00000,0x00000000d7b00000,0x00000000d8000000)
  to   space 5120K, 0% used [0x00000000d7600000,0x00000000d7600000,0x00000000d7b00000)
 ParOldGen       total 87552K, used 0K [0x0000000080000000, 0x0000000085580000, 0x00000000d5580000)
  object space 87552K, 0% used [0x0000000080000000,0x0000000080000000,0x0000000085580000)
 Metaspace       used 8569K, capacity 8844K, committed 9088K, reserved 1056768K
  class space    used 932K, capacity 1026K, committed 1152K, reserved 1048576K

Card table byte_map: [0x0000000011a10000,0x0000000011e20000] byte_map_base: 0x0000000011610000

Marking Bits: (ParMarkBitMap*) 0x0000000077f7c720
 Begin Bits: [0x0000000012700000, 0x0000000014700000)
 End Bits:   [0x0000000014700000, 0x0000000016700000)

Polling page: 0x0000000001c60000

CodeCache: size=245760Kb used=3009Kb max_used=3009Kb free=242750Kb
 bounds [0x0000000002650000, 0x0000000002950000, 0x0000000011650000]
 total_blobs=1182 nmethods=834 adapters=261
 compilation: enabled

Compilation events (10 events):
Event: 0.612 Thread 0x0000000058996800  831       3       sun.security.jca.ProviderList::getProvider (22 bytes)
Event: 0.612 Thread 0x0000000058996800 nmethod 831 0x000000000293a910 code [0x000000000293aa80, 0x000000000293ad08]
Event: 0.617 Thread 0x0000000058996800  832       3       sun.security.jca.GetInstance::getInstance (29 bytes)
Event: 0.617 Thread 0x0000000058996800 nmethod 832 0x000000000293f6d0 code [0x000000000293f860, 0x000000000293fd18]
Event: 0.617 Thread 0x0000000058996800  833       3       sun.security.jca.GetInstance::checkSuperClass (68 bytes)
Event: 0.617 Thread 0x0000000058996800 nmethod 833 0x000000000293ff10 code [0x0000000002940160, 0x0000000002941068]
Event: 0.617 Thread 0x0000000058996800  834       3       sun.security.jca.GetInstance$Instance::<init> (7 bytes)
Event: 0.618 Thread 0x0000000058996800 nmethod 834 0x0000000002941690 code [0x0000000002941800, 0x0000000002941a30]
Event: 0.618 Thread 0x0000000058996800  835       3       sun.security.jca.GetInstance$Instance::<init> (15 bytes)
Event: 0.618 Thread 0x0000000058996800 nmethod 835 0x0000000002941b10 code [0x0000000002941c60, 0x0000000002941e30]

GC Heap History (0 events):
No events

Deoptimization events (6 events):
Event: 0.363 Thread 0x000000000211f000 Uncommon trap: reason=unstable_if action=reinterpret pc=0x0000000002804c9c method=java.lang.CharacterDataLatin1.digit(II)I @ 82
Event: 0.437 Thread 0x000000000211f000 Uncommon trap: reason=bimorphic action=maybe_recompile pc=0x00000000028148a4 method=java.util.regex.Pattern$BmpCharProperty.match(Ljava/util/regex/Matcher;ILjava/lang/CharSequence;)Z @ 31
Event: 0.437 Thread 0x000000000211f000 Uncommon trap: reason=bimorphic action=maybe_recompile pc=0x00000000028148a4 method=java.util.regex.Pattern$BmpCharProperty.match(Ljava/util/regex/Matcher;ILjava/lang/CharSequence;)Z @ 31
Event: 0.437 Thread 0x000000000211f000 Uncommon trap: reason=bimorphic action=maybe_recompile pc=0x00000000028148a4 method=java.util.regex.Pattern$BmpCharProperty.match(Ljava/util/regex/Matcher;ILjava/lang/CharSequence;)Z @ 31
Event: 0.437 Thread 0x000000000211f000 Uncommon trap: reason=bimorphic action=maybe_recompile pc=0x00000000028148a4 method=java.util.regex.Pattern$BmpCharProperty.match(Ljava/util/regex/Matcher;ILjava/lang/CharSequence;)Z @ 31
Event: 0.501 Thread 0x000000000211f000 Uncommon trap: reason=unstable_if action=reinterpret pc=0x00000000028038c4 method=java.lang.CharacterDataLatin1.digit(II)I @ 82

Internal exceptions (8 events):
Event: 0.030 Thread 0x000000000211f000 Exception <a 'java/lang/NoSuchMethodError': Method sun.misc.Unsafe.defineClass(Ljava/lang/String;[BII)Ljava/lang/Class; name or signature does not match> (0x00000000d5587ca8) thrown at [C:\re\workspace\8-2-build-windows-amd64-cygwin\jdk8u131\8869\hotspot\
Event: 0.030 Thread 0x000000000211f000 Exception <a 'java/lang/NoSuchMethodError': Method sun.misc.Unsafe.prefetchRead(Ljava/lang/Object;J)V name or signature does not match> (0x00000000d5587f90) thrown at [C:\re\workspace\8-2-build-windows-amd64-cygwin\jdk8u131\8869\hotspot\src\share\vm\prims
Event: 0.170 Thread 0x000000000211f000 Exception <a 'java/security/PrivilegedActionException'> (0x00000000d5836038) thrown at [C:\re\workspace\8-2-build-windows-amd64-cygwin\jdk8u131\8869\hotspot\src\share\vm\prims\jvm.cpp, line 1390]
Event: 0.170 Thread 0x000000000211f000 Exception <a 'java/security/PrivilegedActionException'> (0x00000000d5836248) thrown at [C:\re\workspace\8-2-build-windows-amd64-cygwin\jdk8u131\8869\hotspot\src\share\vm\prims\jvm.cpp, line 1390]
Event: 0.171 Thread 0x000000000211f000 Exception <a 'java/security/PrivilegedActionException'> (0x00000000d583a158) thrown at [C:\re\workspace\8-2-build-windows-amd64-cygwin\jdk8u131\8869\hotspot\src\share\vm\prims\jvm.cpp, line 1390]
Event: 0.171 Thread 0x000000000211f000 Exception <a 'java/security/PrivilegedActionException'> (0x00000000d583a368) thrown at [C:\re\workspace\8-2-build-windows-amd64-cygwin\jdk8u131\8869\hotspot\src\share\vm\prims\jvm.cpp, line 1390]
Event: 0.414 Thread 0x000000000211f000 Exception <a 'java/lang/NoSuchFieldError': method resolution failed> (0x00000000d5d47f30) thrown at [C:\re\workspace\8-2-build-windows-amd64-cygwin\jdk8u131\8869\hotspot\src\share\vm\prims\methodHandles.cpp, line 1146]
Event: 0.416 Thread 0x000000000211f000 Exception <a 'java/lang/NoSuchFieldError': method resolution failed> (0x00000000d5d556a0) thrown at [C:\re\workspace\8-2-build-windows-amd64-cygwin\jdk8u131\8869\hotspot\src\share\vm\prims\methodHandles.cpp, line 1146]

Events (10 events):
Event: 0.612 loading class javax/crypto/MacSpi
Event: 0.612 loading class javax/crypto/MacSpi done
Event: 0.615 loading class sun/security/ssl/CipherBox$1
Event: 0.615 loading class sun/security/ssl/CipherBox$1 done
Event: 0.615 loading class java/lang/StrictMath
Event: 0.615 loading class java/lang/StrictMath done
Event: 0.616 loading class com/microsoft/sqlserver/jdbc/AuthenticationJNI
Event: 0.616 loading class com/microsoft/sqlserver/jdbc/AuthenticationJNI done
Event: 0.617 loading class java/lang/ClassLoaderHelper
Event: 0.617 loading class java/lang/ClassLoaderHelper done


Dynamic libraries:
0x000000013f0f0000 - 0x000000013f127000 	C:\Program Files\Java\jdk1.8.0_131\bin\javaw.exe
0x00000000770e0000 - 0x000000007728a000 	C:\Windows\SYSTEM32\ntdll.dll
0x0000000076ec0000 - 0x0000000076fdf000 	C:\Windows\system32\kernel32.dll
0x000007fefd0d0000 - 0x000007fefd13a000 	C:\Windows\system32\KERNELBASE.dll
0x000007fefdcd0000 - 0x000007fefddab000 	C:\Windows\system32\ADVAPI32.dll
0x000007fefe430000 - 0x000007fefe4cf000 	C:\Windows\system32\msvcrt.dll
0x000007fefdcb0000 - 0x000007fefdccf000 	C:\Windows\SYSTEM32\sechost.dll
0x000007fefd920000 - 0x000007fefda4d000 	C:\Windows\system32\RPCRT4.dll
0x0000000076fe0000 - 0x00000000770da000 	C:\Windows\system32\USER32.dll
0x000007fefd1f0000 - 0x000007fefd257000 	C:\Windows\system32\GDI32.dll
0x000007fefd370000 - 0x000007fefd37e000 	C:\Windows\system32\LPK.dll
0x000007fefe180000 - 0x000007fefe24b000 	C:\Windows\system32\USP10.dll
0x000007fefb6f0000 - 0x000007fefb8e4000 	C:\Windows\WinSxS\amd64_microsoft.windows.common-controls_6595b64144ccf1df_6.0.7601.18837_none_fa3b1e3d17594757\COMCTL32.dll
0x000007fefd8a0000 - 0x000007fefd911000 	C:\Windows\system32\SHLWAPI.dll
0x000007fefdc00000 - 0x000007fefdc2e000 	C:\Windows\system32\IMM32.DLL
0x000007fefd260000 - 0x000007fefd369000 	C:\Windows\system32\MSCTF.dll
0x000007fefcd10000 - 0x000007fefcd35000 	C:\Windows\system32\vmwsci.dll
0x00000000772b0000 - 0x00000000772b7000 	C:\Windows\system32\PSAPI.DLL
0x0000000074b10000 - 0x0000000074b49000 	C:\PROGRA~2\Sophos\SOPHOS~1\SOPHOS~2.DLL
0x00000000787a0000 - 0x0000000078872000 	C:\Program Files\Java\jdk1.8.0_131\jre\bin\msvcr100.dll
0x0000000077760000 - 0x0000000077ffc000 	C:\Program Files\Java\jdk1.8.0_131\jre\bin\server\jvm.dll
0x000007fef77c0000 - 0x000007fef77c9000 	C:\Windows\system32\WSOCK32.dll
0x000007fefd850000 - 0x000007fefd89d000 	C:\Windows\system32\WS2_32.dll
0x000007feff300000 - 0x000007feff308000 	C:\Windows\system32\NSI.dll
0x000007fefa970000 - 0x000007fefa9ab000 	C:\Windows\system32\WINMM.dll
0x000007fefc000000 - 0x000007fefc00c000 	C:\Windows\system32\VERSION.dll
0x0000000065870000 - 0x000000006587f000 	C:\Program Files\Java\jdk1.8.0_131\jre\bin\verify.dll
0x000000005eed0000 - 0x000000005eef9000 	C:\Program Files\Java\jdk1.8.0_131\jre\bin\java.dll
0x0000000060250000 - 0x0000000060266000 	C:\Program Files\Java\jdk1.8.0_131\jre\bin\zip.dll
0x000007fefe570000 - 0x000007feff2fb000 	C:\Windows\system32\SHELL32.dll
0x000007fefd380000 - 0x000007fefd57c000 	C:\Windows\system32\ole32.dll
0x000007fefcde0000 - 0x000007fefcdef000 	C:\Windows\system32\profapi.dll
0x0000000065760000 - 0x000000006577a000 	C:\Program Files\Java\jdk1.8.0_131\jre\bin\net.dll
0x000007fefbbe0000 - 0x000007fefbc10000 	C:\ProgramData\Sophos\Web Intelligence\swi_ifslsp_64.dll
0x000007fefc530000 - 0x000007fefc585000 	C:\Windows\system32\mswsock.dll
0x000007fefc520000 - 0x000007fefc527000 	C:\Windows\System32\wship6.dll
0x000007fefbbc0000 - 0x000007fefbbc7000 	C:\Windows\System32\wshtcpip.dll
0x000007fefc460000 - 0x000007fefc4bb000 	C:\Windows\system32\DNSAPI.dll
0x000007fefb110000 - 0x000007fefb137000 	C:\Windows\system32\IPHLPAPI.DLL
0x000007fefbbd0000 - 0x000007fefbbdb000 	C:\Windows\system32\WINNSI.DLL
0x000007fef8420000 - 0x000007fef8428000 	C:\Windows\system32\rasadhlp.dll
0x000007fef90e0000 - 0x000007fef9133000 	C:\Windows\System32\fwpuclnt.dll
0x000000005e860000 - 0x000000005e884000 	C:\Program Files\Java\jdk1.8.0_131\jre\bin\sunec.dll
0x000007fef9740000 - 0x000007fef9751000 	C:\Windows\system32\dhcpcsvc6.DLL
0x000007fef9720000 - 0x000007fef9738000 	C:\Windows\system32\dhcpcsvc.DLL
0x0000000060230000 - 0x0000000060241000 	C:\Program Files\Java\jdk1.8.0_131\jre\bin\nio.dll
0x000007fefc590000 - 0x000007fefc5a8000 	C:\Windows\system32\CRYPTSP.dll
0x000007fefc290000 - 0x000007fefc2d7000 	C:\Windows\system32\rsaenh.dll
0x000007fefcdf0000 - 0x000007fefce0e000 	C:\Windows\system32\USERENV.dll
0x000007fefcc00000 - 0x000007fefcc0f000 	C:\Windows\system32\CRYPTBASE.dll
0x0000000066b30000 - 0x0000000066b3b000 	C:\Program Files\Java\jdk1.8.0_131\jre\bin\sunmscapi.dll
0x000007fefcf30000 - 0x000007fefd09d000 	C:\Windows\system32\CRYPT32.dll
0x000007fefcdd0000 - 0x000007fefcddf000 	C:\Windows\system32\MSASN1.dll
0x000007feea3d0000 - 0x000007feea41e000 	C:\chromedriver\sqljdbc_auth.dll
0x000007fef7c70000 - 0x000007fef7c73000 	C:\Windows\system32\api-ms-win-core-synch-l1-2-0.DLL
0x000007fefc9a0000 - 0x000007fefc9ab000 	C:\Windows\system32\secur32.dll
0x000007fefcb70000 - 0x000007fefcb95000 	C:\Windows\system32\SSPICLI.DLL
0x000007fefbe20000 - 0x000007fefbe2a000 	C:\Windows\system32\credssp.dll
0x000007fefc5b0000 - 0x000007fefc668000 	C:\Windows\system32\kerberos.DLL
0x000007fefc810000 - 0x000007fefc824000 	C:\Windows\system32\cryptdll.dll
0x000007fefc4c0000 - 0x000007fefc512000 	C:\Windows\system32\msv1_0.DLL
0x000007fef9a10000 - 0x000007fef9a37000 	C:\Windows\system32\ntdsapi.dll
0x000007fefa590000 - 0x000007fefa5a5000 	C:\Windows\system32\NLAapi.dll
0x000007fef8460000 - 0x000007fef8475000 	C:\Windows\system32\napinsp.dll
0x000007fef8440000 - 0x000007fef8459000 	C:\Windows\system32\pnrpnsp.dll
0x000007fef82d0000 - 0x000007fef82db000 	C:\Windows\System32\winrnr.dll
0x000007fee8780000 - 0x000007fee88a5000 	C:\Windows\system32\dbghelp.dll

VM Arguments:
jvm_args: -Djava.library.path=C:\\chromedriver -Dfile.encoding=Cp1252 
java_command: com.AutomationPractice.DbServices
java_class_path (initial): C:\Users\amol.sharma\git\LearningOne\AutomationPractice\target\classes;C:\Users\amol.sharma\Desktop\sqljdbc42-4.2.jar;C:\Users\amol.sharma\.m2\repository\org\json\json\20171018\json-20171018.jar;C:\Users\amol.sharma\.m2\repository\info\cukes\gherkin\2.12.2\gherkin-2.12.2.jar;C:\Users\amol.sharma\.m2\repository\info\cukes\cucumber-jvm-deps\1.0.5\cucumber-jvm-deps-1.0.5.jar;C:\Users\amol.sharma\.m2\repository\log4j\log4j\1.2.17\log4j-1.2.17.jar;C:\Users\amol.sharma\.m2\repository\com\google\guava\guava\18.0\guava-18.0.jar;C:\Users\amol.sharma\.m2\repository\org\codehaus\groovy\groovy\2.4.4\groovy-2.4.4.jar;C:\Users\amol.sharma\.m2\repository\org\seleniumhq\selenium\selenium-java\2.53.0\selenium-java-2.53.0.jar;C:\Users\amol.sharma\.m2\repository\org\seleniumhq\selenium\selenium-chrome-driver\2.53.0\selenium-chrome-driver-2.53.0.jar;C:\Users\amol.sharma\.m2\repository\org\seleniumhq\selenium\selenium-remote-driver\2.53.0\selenium-remote-driver-2.53.0.jar;C:\Users\amol.sharma\.m2\repository\cglib\cglib-nodep\2.1_3\cglib-nodep-2.1_3.jar;C:\Users\amol.sharma\.m2\repository\com\google\code\gson\gson\2.3.1\gson-2.3.1.jar;C:\Users\amol.sharma\.m2\repository\org\seleniumhq\selenium\selenium-api\2.53.0\selenium-api-2.53.0.jar;C:\Users\amol.sharma\.m2\repository\org\apache\httpcomponents\httpclient\4.5.1\httpclient-4.5.1.jar;C:\Users\amol.sharma\.m2\repository\org\apache\httpcomponents\httpcore\4.4.3\httpcore-4.4.3.jar;C:\Users\amol.sharma\.m2\repository\commons-logging\commons-logging\1.2\commons-logging-1.2.jar;C:\Users\amol.sharma\.m2\repository\org\seleniumhq\selenium\selenium-edge-driver\2.53.0\selenium-edge-driver-2.53.0.jar;C:\Users\amol.sharma\.m2\repository\commons-io\commons-io\2.4\commons-io-2.4.jar;C:\Users\amol.sharma\.m2\repository\org\apache\commons\commons-exec\1.3\commons-exec-1.3.jar;C:\Users\amol.sharma\.m2\repository\org\seleniumhq\selenium\selenium-firefox-driver\2.53.0\selenium-firefox-driver-2.53.0.jar;C:\Users\amol.sharma\.m2
Launcher Type: SUN_STANDARD

Environment Variables:
JAVA_HOME=C:\Program Files\Java\jdk1.8.0_131
PATH=C:/Program Files/Java/jdk1.8.0_131/bin/../jre/bin/server;C:/Program Files/Java/jdk1.8.0_131/bin/../jre/bin;C:/Program Files/Java/jdk1.8.0_131/bin/../jre/lib/amd64;C:\Program Files\Java\jdk1.8.0_131\bin;D:\Softwares\apache-maven-3.5.0\bin;;C:\Windows\System32\WindowsPowerShell\v1.0\;C:\Windows\system32;
USERNAME=amol.sharma
OS=Windows_NT
PROCESSOR_IDENTIFIER=Intel64 Family 6 Model 63 Stepping 2, GenuineIntel



---------------  S Y S T E M  ---------------

OS: Windows 7 , 64 bit Build 7601 (6.1.7601.23807)

CPU:total 4 (initial active 4) (2 cores per cpu, 1 threads per core) family 6 model 63 stepping 2, cmov, cx8, fxsr, mmx, sse, sse2, sse3, ssse3, sse4.1, sse4.2, popcnt, avx, avx2, aes, clmul, erms, lzcnt, tsc, tscinvbit, bmi1, bmi2

Memory: 4k page, physical 8388152k(3303676k free), swap 16774444k(3456140k free)

vm_info: Java HotSpot(TM) 64-Bit Server VM (25.131-b11) for windows-amd64 JRE (1.8.0_131-b11), built on Mar 15 2017 01:23:53 by "java_re" with MS VC++ 10.0 (VS2010)

time: Mon Jan 15 09:40:13 2018
elapsed time: 0 seconds (0d 0h 0m 0s)

